Release 14.7 - xst P.20131013 (lin64)
Copyright (c) 1995-2013 Xilinx, Inc.  All rights reserved.
--> 
Parameter TMPDIR set to xst/projnav.tmp


Total REAL time to Xst completion: 0.00 secs
Total CPU time to Xst completion: 0.00 secs
 
--> 
Parameter xsthdpdir set to xst


Total REAL time to Xst completion: 0.00 secs
Total CPU time to Xst completion: 0.00 secs
 
--> 
Reading design: top.prj

TABLE OF CONTENTS
  1) Synthesis Options Summary
  2) HDL Compilation
  3) Design Hierarchy Analysis
  4) HDL Analysis
  5) HDL Synthesis
     5.1) HDL Synthesis Report
  6) Advanced HDL Synthesis
     6.1) Advanced HDL Synthesis Report
  7) Low Level Synthesis
  8) Partition Report
  9) Final Report
	9.1) Device utilization summary
	9.2) Partition Resource Summary
	9.3) TIMING REPORT


=========================================================================
*                      Synthesis Options Summary                        *
=========================================================================
---- Source Parameters
Input File Name                    : "top.prj"
Input Format                       : mixed
Ignore Synthesis Constraint File   : NO

---- Target Parameters
Output File Name                   : "top"
Output Format                      : NGC
Target Device                      : xc3s200-4-ft256

---- Source Options
Top Module Name                    : top
Automatic FSM Extraction           : YES
FSM Encoding Algorithm             : Auto
Safe Implementation                : No
FSM Style                          : LUT
RAM Extraction                     : Yes
RAM Style                          : Auto
ROM Extraction                     : Yes
Mux Style                          : Auto
Decoder Extraction                 : YES
Priority Encoder Extraction        : Yes
Shift Register Extraction          : YES
Logical Shifter Extraction         : YES
XOR Collapsing                     : YES
ROM Style                          : Auto
Mux Extraction                     : Yes
Resource Sharing                   : YES
Asynchronous To Synchronous        : NO
Multiplier Style                   : Auto
Automatic Register Balancing       : No

---- Target Options
Add IO Buffers                     : YES
Global Maximum Fanout              : 100000
Add Generic Clock Buffer(BUFG)     : 8
Register Duplication               : YES
Slice Packing                      : YES
Optimize Instantiated Primitives   : NO
Use Clock Enable                   : Yes
Use Synchronous Set                : Yes
Use Synchronous Reset              : Yes
Pack IO Registers into IOBs        : Auto
Equivalent register Removal        : YES

---- General Options
Optimization Goal                  : Speed
Optimization Effort                : 1
Keep Hierarchy                     : No
Netlist Hierarchy                  : As_Optimized
RTL Output                         : Yes
Global Optimization                : AllClockNets
Read Cores                         : YES
Write Timing Constraints           : NO
Cross Clock Analysis               : NO
Hierarchy Separator                : /
Bus Delimiter                      : <>
Case Specifier                     : Maintain
Slice Utilization Ratio            : 100
BRAM Utilization Ratio             : 100
Verilog 2001                       : YES
Auto BRAM Packing                  : NO
Slice Utilization Ratio Delta      : 5

=========================================================================


=========================================================================
*                          HDL Compilation                              *
=========================================================================
Compiling vhdl file "/home/ise/LedStripe/VHDL/types.vhd" in Library work.
Architecture types of Entity types is up to date.
Compiling vhdl file "/home/ise/LedStripe/VHDL/LedSequence.vhd" in Library work.
Architecture rtl of Entity ledsequence is up to date.
Compiling vhdl file "/home/ise/LedStripe/VHDL/LedStripe.vhd" in Library work.
Architecture rtl of Entity ledstripe is up to date.
Compiling vhdl file "/home/ise/LedStripe/VHDL/top.vhd" in Library work.
Entity <top> compiled.
Entity <top> (Architecture <rtl>) compiled.

=========================================================================
*                     Design Hierarchy Analysis                         *
=========================================================================
Analyzing hierarchy for entity <top> in library <work> (architecture <rtl>).

Analyzing hierarchy for entity <LedStripe> in library <work> (architecture <rtl>) with generics.
	leds_g = 60

Analyzing hierarchy for entity <LedSequence> in library <work> (architecture <rtl>).


=========================================================================
*                            HDL Analysis                               *
=========================================================================
Analyzing Entity <top> in library <work> (Architecture <rtl>).
Entity <top> analyzed. Unit <top> generated.

Analyzing generic Entity <LedStripe> in library <work> (Architecture <rtl>).
	leds_g = 60
WARNING:Xst:790 - "/home/ise/LedStripe/VHDL/LedStripe.vhd" line 54: Index value(s) does not match array range, simulation mismatch.
WARNING:Xst:790 - "/home/ise/LedStripe/VHDL/LedStripe.vhd" line 54: Index value(s) does not match array range, simulation mismatch.
INFO:Xst:1433 - Contents of array <data_i$mux0000> may be accessed with an index that exceeds the array size. This could cause simulation mismatch.
INFO:Xst:1561 - "/home/ise/LedStripe/VHDL/types.vhd" line 34: Mux is complete : default of case is discarded
Entity <LedStripe> analyzed. Unit <LedStripe> generated.

Analyzing Entity <LedSequence> in library <work> (Architecture <rtl>).
Entity <LedSequence> analyzed. Unit <LedSequence> generated.


=========================================================================
*                           HDL Synthesis                               *
=========================================================================

Performing bidirectional port resolution...

Synthesizing Unit <LedSequence>.
    Related source file is "/home/ise/LedStripe/VHDL/LedSequence.vhd".
    Found 13-bit up counter for signal <count_s>.
    Found 1-bit register for signal <data_s>.
    Found 1-bit 4-to-1 multiplexer for signal <data_s$mux0000> created at line 40.
    Found 2-bit register for signal <state_s>.
    Found 2-bit 4-to-1 multiplexer for signal <state_s$mux0000> created at line 40.
    Found 1-bit register for signal <timer_en_s>.
    Found 1-bit 4-to-1 multiplexer for signal <timer_en_s$mux0004> created at line 40.
    Summary:
	inferred   1 Counter(s).
	inferred   4 D-type flip-flop(s).
	inferred   4 Multiplexer(s).
Unit <LedSequence> synthesized.


Synthesizing Unit <LedStripe>.
    Related source file is "/home/ise/LedStripe/VHDL/LedStripe.vhd".
    Found 1-bit 24-to-1 multiplexer for signal <$varindex0000> created at line 54.
    Found 7-bit up counter for signal <count_led_s>.
    Found 6-bit up counter for signal <count_s>.
    Found 24-bit 60-to-1 multiplexer for signal <data_i$mux0000> created at line 54.
    Summary:
	inferred   2 Counter(s).
	inferred  25 Multiplexer(s).
Unit <LedStripe> synthesized.


Synthesizing Unit <top>.
    Related source file is "/home/ise/LedStripe/VHDL/top.vhd".
WARNING:Xst:1781 - Signal <data_s> is used but never assigned. Tied to default value.
Unit <top> synthesized.


=========================================================================
HDL Synthesis Report

Macro Statistics
# Counters                                             : 3
 13-bit up counter                                     : 1
 6-bit up counter                                      : 1
 7-bit up counter                                      : 1
# Registers                                            : 3
 1-bit register                                        : 2
 2-bit register                                        : 1
# Multiplexers                                         : 5
 1-bit 24-to-1 multiplexer                             : 1
 1-bit 4-to-1 multiplexer                              : 2
 2-bit 4-to-1 multiplexer                              : 1
 24-bit 60-to-1 multiplexer                            : 1

=========================================================================

=========================================================================
*                       Advanced HDL Synthesis                          *
=========================================================================


=========================================================================
Advanced HDL Synthesis Report

Macro Statistics
# Counters                                             : 3
 13-bit up counter                                     : 1
 6-bit up counter                                      : 1
 7-bit up counter                                      : 1
# Registers                                            : 4
 Flip-Flops                                            : 4
# Multiplexers                                         : 5
 1-bit 24-to-1 multiplexer                             : 1
 1-bit 4-to-1 multiplexer                              : 2
 2-bit 4-to-1 multiplexer                              : 1
 24-bit 60-to-1 multiplexer                            : 1

=========================================================================

=========================================================================
*                         Low Level Synthesis                           *
=========================================================================

Optimizing unit <top> ...

Optimizing unit <LedSequence> ...

Optimizing unit <LedStripe> ...

Mapping all equations...
Building and optimizing final netlist ...
Found area constraint ratio of 100 (+ 5) on block top, actual ratio is 1.

Final Macro Processing ...

=========================================================================
Final Register Report

Macro Statistics
# Registers                                            : 30
 Flip-Flops                                            : 30

=========================================================================

=========================================================================
*                           Partition Report                            *
=========================================================================

Partition Implementation Status
-------------------------------

  No Partitions were found in this design.

-------------------------------

=========================================================================
*                            Final Report                               *
=========================================================================
Final Results
RTL Top Level Output File Name     : top.ngr
Top Level Output File Name         : top
Output Format                      : NGC
Optimization Goal                  : Speed
Keep Hierarchy                     : No

Design Statistics
# IOs                              : 2

Cell Usage :
# BELS                             : 104
#      GND                         : 1
#      INV                         : 4
#      LUT1                        : 12
#      LUT2                        : 5
#      LUT3                        : 11
#      LUT3_D                      : 2
#      LUT3_L                      : 1
#      LUT4                        : 28
#      LUT4_D                      : 4
#      LUT4_L                      : 5
#      MUXCY                       : 12
#      MUXF5                       : 5
#      VCC                         : 1
#      XORCY                       : 13
# FlipFlops/Latches                : 30
#      FD                          : 4
#      FDR                         : 13
#      FDRE                        : 13
# Clock Buffers                    : 1
#      BUFGP                       : 1
# IO Buffers                       : 1
#      OBUF                        : 1
=========================================================================

Device utilization summary:
---------------------------

Selected Device : 3s200ft256-4 

 Number of Slices:                       37  out of   1920     1%  
 Number of Slice Flip Flops:             30  out of   3840     0%  
 Number of 4 input LUTs:                 72  out of   3840     1%  
 Number of IOs:                           2
 Number of bonded IOBs:                   2  out of    173     1%  
 Number of GCLKs:                         1  out of      8    12%  

---------------------------
Partition Resource Summary:
---------------------------

  No Partitions were found in this design.

---------------------------


=========================================================================
TIMING REPORT

NOTE: THESE TIMING NUMBERS ARE ONLY A SYNTHESIS ESTIMATE.
      FOR ACCURATE TIMING INFORMATION PLEASE REFER TO THE TRACE REPORT
      GENERATED AFTER PLACE-and-ROUTE.

Clock Information:
------------------
-----------------------------------+------------------------+-------+
Clock Signal                       | Clock buffer(FF name)  | Load  |
-----------------------------------+------------------------+-------+
clk_50M_i                          | BUFGP                  | 30    |
-----------------------------------+------------------------+-------+

Asynchronous Control Signals Information:
----------------------------------------
No asynchronous control signals found in this design

Timing Summary:
---------------
Speed Grade: -4

   Minimum period: 6.759ns (Maximum Frequency: 147.951MHz)
   Minimum input arrival time before clock: No path found
   Maximum output required time after clock: 7.482ns
   Maximum combinational path delay: No path found

Timing Detail:
--------------
All values displayed in nanoseconds (ns)

=========================================================================
Timing constraint: Default period analysis for Clock 'clk_50M_i'
  Clock period: 6.759ns (frequency: 147.951MHz)
  Total number of paths / destination ports: 520 / 69
-------------------------------------------------------------------------
Delay:               6.759ns (Levels of Logic = 5)
  Source:            inst_LedStripe/inst_LedSequence/count_s_6 (FF)
  Destination:       inst_LedStripe/inst_LedSequence/state_s_1 (FF)
  Source Clock:      clk_50M_i rising
  Destination Clock: clk_50M_i rising

  Data Path: inst_LedStripe/inst_LedSequence/count_s_6 to inst_LedStripe/inst_LedSequence/state_s_1
                                Gate     Net
    Cell:in->out      fanout   Delay   Delay  Logical Name (Net Name)
    ----------------------------------------  ------------
     FDR:C->Q              3   0.720   1.246  inst_LedStripe/inst_LedSequence/count_s_6 (inst_LedStripe/inst_LedSequence/count_s_6)
     LUT4_D:I0->LO         1   0.551   0.126  inst_LedStripe/inst_LedSequence/data_s_mux00003_SW0 (N61)
     LUT4:I3->O            6   0.551   1.003  inst_LedStripe/inst_LedSequence/data_s_mux00003 (inst_LedStripe/inst_LedSequence/data_s_mux0000_bdd5)
     MUXF5:S->O            1   0.621   0.827  inst_LedStripe/inst_LedSequence/Mmux_state_s_mux0000_41_SW0 (N31)
     LUT4:I3->O            1   0.551   0.000  inst_LedStripe/inst_LedSequence/Mmux_state_s_mux0000_41 (inst_LedStripe/inst_LedSequence/Mmux_state_s_mux0000_41)
     MUXF5:I0->O           1   0.360   0.000  inst_LedStripe/inst_LedSequence/Mmux_state_s_mux0000_2_f5_0 (inst_LedStripe/inst_LedSequence/state_s_mux0000<1>)
     FD:D                      0.203          inst_LedStripe/inst_LedSequence/state_s_1
    ----------------------------------------
    Total                      6.759ns (3.557ns logic, 3.202ns route)
                                       (52.6% logic, 47.4% route)

=========================================================================
Timing constraint: Default OFFSET OUT AFTER for Clock 'clk_50M_i'
  Total number of paths / destination ports: 1 / 1
-------------------------------------------------------------------------
Offset:              7.482ns (Levels of Logic = 1)
  Source:            inst_LedStripe/inst_LedSequence/data_s (FF)
  Destination:       led_o (PAD)
  Source Clock:      clk_50M_i rising

  Data Path: inst_LedStripe/inst_LedSequence/data_s to led_o
                                Gate     Net
    Cell:in->out      fanout   Delay   Delay  Logical Name (Net Name)
    ----------------------------------------  ------------
     FD:C->Q              12   0.720   1.118  inst_LedStripe/inst_LedSequence/data_s (inst_LedStripe/inst_LedSequence/data_s)
     OBUF:I->O                 5.644          led_o_OBUF (led_o)
    ----------------------------------------
    Total                      7.482ns (6.364ns logic, 1.118ns route)
                                       (85.1% logic, 14.9% route)

=========================================================================


Total REAL time to Xst completion: 3.00 secs
Total CPU time to Xst completion: 1.67 secs
 
--> 


Total memory usage is 616424 kilobytes

Number of errors   :    0 (   0 filtered)
Number of warnings :    3 (   0 filtered)
Number of infos    :    2 (   0 filtered)

